<?xml version="1.0" encoding="UTF-8"?>
<!-- Generated by org.testng.reporters.JUnitReportReporter -->
<testsuite hostname="SanthoshMohan" failures="0" tests="1" name="tests.HeadphoneTest" time="14.245" errors="0" timestamp="2025-10-01T09:04:10 IST" skipped="0">
  <testcase classname="tests.HeadphoneTest" name="getHeadphoneByPriceAndBrand" time="14.245"/>
</testsuite> <!-- tests.HeadphoneTest -->
